{
  "RSpec": {
    "coverage": {
      "/Users/florencehapgood/Desktop/Projects/wardrobe-app/app/models/user.rb": [
        null,
        null,
        1,
        null,
        null,
        1,
        null,
        null
      ],
      "/Users/florencehapgood/Desktop/Projects/wardrobe-app/app/models/application_record.rb": [
        null,
        null,
        1,
        1,
        null
      ],
      "/Users/florencehapgood/Desktop/Projects/wardrobe-app/app/helpers/application_helper.rb": [
        null,
        null,
        1,
        null
      ],
      "/Users/florencehapgood/Desktop/Projects/wardrobe-app/app/helpers/index_helper.rb": [
        null,
        null,
        1,
        null
      ],
      "/Users/florencehapgood/Desktop/Projects/wardrobe-app/app/helpers/items_helper.rb": [
        1,
        null
      ],
      "/Users/florencehapgood/Desktop/Projects/wardrobe-app/app/helpers/welcome_helper.rb": [
        null,
        null,
        1,
        null
      ],
      "/Users/florencehapgood/Desktop/Projects/wardrobe-app/app/models/colour.rb": [
        1,
        1,
        null
      ],
      "/Users/florencehapgood/Desktop/Projects/wardrobe-app/app/models/item.rb": [
        1,
        1,
        null
      ],
      "/Users/florencehapgood/Desktop/Projects/wardrobe-app/app/uploaders/image_uploader.rb": [
        1,
        null,
        null,
        null,
        null,
        null,
        1,
        null,
        null,
        null,
        null,
        1,
        3,
        null,
        null,
        null,
        null,
        null,
        null,
        null,
        null,
        null,
        null,
        null,
        null,
        null,
        null,
        null,
        null,
        null,
        null,
        null,
        null,
        null,
        null,
        null,
        null,
        1,
        2,
        null,
        null,
        null,
        null,
        null,
        null,
        null,
        null
      ]
    },
    "timestamp": 1542217641
  }
}
