{
  "RSpec": {
    "coverage": {
      "/Users/laura/Projects/wardrobe-app/app/models/user.rb": [
        null,
        null,
        1,
        null,
        null,
        1,
        1,
        null,
        null
      ],
      "/Users/laura/Projects/wardrobe-app/app/models/application_record.rb": [
        null,
        null,
        1,
        1,
        null
      ],
      "/Users/laura/Projects/wardrobe-app/app/helpers/application_helper.rb": [
        null,
        null,
        1,
        null
      ],
      "/Users/laura/Projects/wardrobe-app/app/helpers/clothes_carousel_helper.rb": [
        1,
        null
      ],
      "/Users/laura/Projects/wardrobe-app/app/helpers/clothes_selection_helper.rb": [
        1,
        null
      ],
      "/Users/laura/Projects/wardrobe-app/app/helpers/index_helper.rb": [
        null,
        null,
        1,
        null
      ],
      "/Users/laura/Projects/wardrobe-app/app/helpers/items_helper.rb": [
        null,
        null,
        1,
        null
      ],
      "/Users/laura/Projects/wardrobe-app/app/helpers/welcome_helper.rb": [
        null,
        null,
        1,
        null
      ],
      "/Users/laura/Projects/wardrobe-app/app/models/item.rb": [
        null,
        null,
        1,
        1,
        1,
        null
      ],
      "/Users/laura/Projects/wardrobe-app/app/uploaders/image_uploader.rb": [
        null,
        null,
        1,
        null,
        null,
        null,
        null,
        null,
        1,
        null,
        null,
        null,
        null,
        1,
        207,
        null,
        null,
        null,
        null,
        null,
        null,
        null,
        null,
        null,
        null,
        null,
        null,
        null,
        null,
        null,
        null,
        null,
        null,
        null,
        null,
        null,
        null,
        null,
        null,
        1,
        80,
        null,
        null,
        null,
        null,
        null,
        null,
        null,
        null
      ],
      "/Users/laura/Projects/wardrobe-app/app/lib/colour.rb": [
        1,
        1,
        null,
        1,
        null,
        null,
        null,
        null,
        null,
        null,
        null,
        null,
        null,
        null,
        null,
        null,
        null,
        null,
        1,
        null,
        1,
        8,
        8,
        8,
        16,
        8,
        3,
        null,
        5,
        null,
        null,
        null,
        null,
        null,
        null
      ],
      "/Users/laura/Projects/wardrobe-app/app/lib/occasion.rb": [
        1,
        null,
        null,
        null,
        1,
        null,
        8,
        6,
        null,
        2,
        null,
        null,
        null,
        null
      ],
      "/Users/laura/Projects/wardrobe-app/app/lib/final_judgement.rb": [
        1,
        null,
        1,
        8,
        2,
        null,
        6,
        null,
        null,
        null
      ]
    },
    "timestamp": 1542570318
  }
}
